CRITICAL - 2024-10-10 16:58:42 --> The framework needs the following extension(s) installed and loaded: intl.
in SYSTEMPATH\CodeIgniter.php on line 226.
 1 SYSTEMPATH\CodeIgniter.php(226): CodeIgniter\Exceptions\FrameworkException::forMissingExtension('intl')
 2 SYSTEMPATH\CodeIgniter.php(190): CodeIgniter\CodeIgniter->resolvePlatformExtensions()
 3 ROOTPATH\spark(83): CodeIgniter\CodeIgniter->initialize()
CRITICAL - 2024-10-10 16:59:57 --> The framework needs the following extension(s) installed and loaded: intl.
in SYSTEMPATH\CodeIgniter.php on line 226.
 1 SYSTEMPATH\CodeIgniter.php(226): CodeIgniter\Exceptions\FrameworkException::forMissingExtension('intl')
 2 SYSTEMPATH\CodeIgniter.php(190): CodeIgniter\CodeIgniter->resolvePlatformExtensions()
 3 ROOTPATH\spark(83): CodeIgniter\CodeIgniter->initialize()
ERROR - 2024-10-10 15:13:07 --> Error connecting to the database: mysqli_sql_exception: Unknown database 'tinewati' in D:\CAMPUS\File Kuliah\Texnopex\Website tinewati\system\Database\MySQLi\Connection.php:173
Stack trace:
#0 D:\CAMPUS\File Kuliah\Texnopex\Website tinewati\system\Database\MySQLi\Connection.php(173): mysqli->real_connect('localhost', 'root', Object(SensitiveParameterValue), 'tinewati', 3306, '', 0)
#1 D:\CAMPUS\File Kuliah\Texnopex\Website tinewati\system\Database\BaseConnection.php(391): CodeIgniter\Database\MySQLi\Connection->connect(false)
#2 D:\CAMPUS\File Kuliah\Texnopex\Website tinewati\system\Database\BaseConnection.php(574): CodeIgniter\Database\BaseConnection->initialize()
#3 D:\CAMPUS\File Kuliah\Texnopex\Website tinewati\system\Database\BaseBuilder.php(1616): CodeIgniter\Database\BaseConnection->query('SELECT *\nFROM `...', Array, false)
#4 D:\CAMPUS\File Kuliah\Texnopex\Website tinewati\system\Model.php(241): CodeIgniter\Database\BaseBuilder->get()
#5 D:\CAMPUS\File Kuliah\Texnopex\Website tinewati\system\BaseModel.php(618): CodeIgniter\Model->doFindAll(0, 0)
#6 D:\CAMPUS\File Kuliah\Texnopex\Website tinewati\app\Controllers\Main.php(37): CodeIgniter\BaseModel->findAll()
#7 D:\CAMPUS\File Kuliah\Texnopex\Website tinewati\system\CodeIgniter.php(932): App\Controllers\Main->homepage()
#8 D:\CAMPUS\File Kuliah\Texnopex\Website tinewati\system\CodeIgniter.php(497): CodeIgniter\CodeIgniter->runController(Object(App\Controllers\Main))
#9 D:\CAMPUS\File Kuliah\Texnopex\Website tinewati\system\CodeIgniter.php(366): CodeIgniter\CodeIgniter->handleRequest(NULL, Object(Config\Cache), false)
#10 D:\CAMPUS\File Kuliah\Texnopex\Website tinewati\public\index.php(67): CodeIgniter\CodeIgniter->run()
#11 D:\CAMPUS\File Kuliah\Texnopex\Website tinewati\system\Commands\Server\rewrite.php(47): require_once('D:\\CAMPUS\\File ...')
#12 {main}

Next CodeIgniter\Database\Exceptions\DatabaseException: Unknown database 'tinewati' in D:\CAMPUS\File Kuliah\Texnopex\Website tinewati\system\Database\MySQLi\Connection.php:218
Stack trace:
#0 D:\CAMPUS\File Kuliah\Texnopex\Website tinewati\system\Database\BaseConnection.php(391): CodeIgniter\Database\MySQLi\Connection->connect(false)
#1 D:\CAMPUS\File Kuliah\Texnopex\Website tinewati\system\Database\BaseConnection.php(574): CodeIgniter\Database\BaseConnection->initialize()
#2 D:\CAMPUS\File Kuliah\Texnopex\Website tinewati\system\Database\BaseBuilder.php(1616): CodeIgniter\Database\BaseConnection->query('SELECT *\nFROM `...', Array, false)
#3 D:\CAMPUS\File Kuliah\Texnopex\Website tinewati\system\Model.php(241): CodeIgniter\Database\BaseBuilder->get()
#4 D:\CAMPUS\File Kuliah\Texnopex\Website tinewati\system\BaseModel.php(618): CodeIgniter\Model->doFindAll(0, 0)
#5 D:\CAMPUS\File Kuliah\Texnopex\Website tinewati\app\Controllers\Main.php(37): CodeIgniter\BaseModel->findAll()
#6 D:\CAMPUS\File Kuliah\Texnopex\Website tinewati\system\CodeIgniter.php(932): App\Controllers\Main->homepage()
#7 D:\CAMPUS\File Kuliah\Texnopex\Website tinewati\system\CodeIgniter.php(497): CodeIgniter\CodeIgniter->runController(Object(App\Controllers\Main))
#8 D:\CAMPUS\File Kuliah\Texnopex\Website tinewati\system\CodeIgniter.php(366): CodeIgniter\CodeIgniter->handleRequest(NULL, Object(Config\Cache), false)
#9 D:\CAMPUS\File Kuliah\Texnopex\Website tinewati\public\index.php(67): CodeIgniter\CodeIgniter->run()
#10 D:\CAMPUS\File Kuliah\Texnopex\Website tinewati\system\Commands\Server\rewrite.php(47): require_once('D:\\CAMPUS\\File ...')
#11 {main}
CRITICAL - 2024-10-10 15:13:07 --> Unable to connect to the database.
Main connection [MySQLi]: Unknown database 'tinewati'
in SYSTEMPATH\Database\BaseConnection.php on line 427.
 1 SYSTEMPATH\Database\BaseConnection.php(574): CodeIgniter\Database\BaseConnection->initialize()
 2 SYSTEMPATH\Database\BaseBuilder.php(1616): CodeIgniter\Database\BaseConnection->query('SELECT *
FROM `struktur`', [], false)
 3 SYSTEMPATH\Model.php(241): CodeIgniter\Database\BaseBuilder->get()
 4 SYSTEMPATH\BaseModel.php(618): CodeIgniter\Model->doFindAll(0, 0)
 5 APPPATH\Controllers\Main.php(37): CodeIgniter\BaseModel->findAll()
 6 SYSTEMPATH\CodeIgniter.php(932): App\Controllers\Main->homepage()
 7 SYSTEMPATH\CodeIgniter.php(497): CodeIgniter\CodeIgniter->runController(Object(App\Controllers\Main))
 8 SYSTEMPATH\CodeIgniter.php(366): CodeIgniter\CodeIgniter->handleRequest(null, Object(Config\Cache), false)
 9 FCPATH\index.php(67): CodeIgniter\CodeIgniter->run()
10 SYSTEMPATH\Commands\Server\rewrite.php(47): require_once('D:\\CAMPUS\\File Kuliah\\Texnopex\\Website tinewati\\public\\index.php')
ERROR - 2024-10-10 15:21:05 --> mysqli_sql_exception: Table 'tinewati.artikel' doesn't exist in D:\CAMPUS\File Kuliah\Texnopex\Website tinewati\system\Database\MySQLi\Connection.php:295
Stack trace:
#0 D:\CAMPUS\File Kuliah\Texnopex\Website tinewati\system\Database\MySQLi\Connection.php(295): mysqli->query('SELECT *\nFROM `...', 0)
#1 D:\CAMPUS\File Kuliah\Texnopex\Website tinewati\system\Database\BaseConnection.php(692): CodeIgniter\Database\MySQLi\Connection->execute('SELECT *\nFROM `...')
#2 D:\CAMPUS\File Kuliah\Texnopex\Website tinewati\system\Database\BaseConnection.php(606): CodeIgniter\Database\BaseConnection->simpleQuery('SELECT *\nFROM `...')
#3 D:\CAMPUS\File Kuliah\Texnopex\Website tinewati\system\Database\BaseBuilder.php(1616): CodeIgniter\Database\BaseConnection->query('SELECT *\nFROM `...', Array, false)
#4 D:\CAMPUS\File Kuliah\Texnopex\Website tinewati\system\Model.php(241): CodeIgniter\Database\BaseBuilder->get()
#5 D:\CAMPUS\File Kuliah\Texnopex\Website tinewati\system\BaseModel.php(618): CodeIgniter\Model->doFindAll(0, 0)
#6 D:\CAMPUS\File Kuliah\Texnopex\Website tinewati\app\Controllers\Main.php(40): CodeIgniter\BaseModel->findAll()
#7 D:\CAMPUS\File Kuliah\Texnopex\Website tinewati\system\CodeIgniter.php(932): App\Controllers\Main->homepage()
#8 D:\CAMPUS\File Kuliah\Texnopex\Website tinewati\system\CodeIgniter.php(497): CodeIgniter\CodeIgniter->runController(Object(App\Controllers\Main))
#9 D:\CAMPUS\File Kuliah\Texnopex\Website tinewati\system\CodeIgniter.php(366): CodeIgniter\CodeIgniter->handleRequest(NULL, Object(Config\Cache), false)
#10 D:\CAMPUS\File Kuliah\Texnopex\Website tinewati\public\index.php(67): CodeIgniter\CodeIgniter->run()
#11 D:\CAMPUS\File Kuliah\Texnopex\Website tinewati\system\Commands\Server\rewrite.php(47): require_once('D:\\CAMPUS\\File ...')
#12 {main}
CRITICAL - 2024-10-10 15:21:05 --> Table 'tinewati.artikel' doesn't exist
in SYSTEMPATH\Database\MySQLi\Connection.php on line 295.
 1 SYSTEMPATH\Database\MySQLi\Connection.php(295): mysqli->query('SELECT *
FROM `artikel`', 0)
 2 SYSTEMPATH\Database\BaseConnection.php(692): CodeIgniter\Database\MySQLi\Connection->execute('SELECT *
FROM `artikel`')
 3 SYSTEMPATH\Database\BaseConnection.php(606): CodeIgniter\Database\BaseConnection->simpleQuery('SELECT *
FROM `artikel`')
 4 SYSTEMPATH\Database\BaseBuilder.php(1616): CodeIgniter\Database\BaseConnection->query('SELECT *
FROM `artikel`', [], false)
 5 SYSTEMPATH\Model.php(241): CodeIgniter\Database\BaseBuilder->get()
 6 SYSTEMPATH\BaseModel.php(618): CodeIgniter\Model->doFindAll(0, 0)
 7 APPPATH\Controllers\Main.php(40): CodeIgniter\BaseModel->findAll()
 8 SYSTEMPATH\CodeIgniter.php(932): App\Controllers\Main->homepage()
 9 SYSTEMPATH\CodeIgniter.php(497): CodeIgniter\CodeIgniter->runController(Object(App\Controllers\Main))
10 SYSTEMPATH\CodeIgniter.php(366): CodeIgniter\CodeIgniter->handleRequest(null, Object(Config\Cache), false)
11 FCPATH\index.php(67): CodeIgniter\CodeIgniter->run()
12 SYSTEMPATH\Commands\Server\rewrite.php(47): require_once('D:\\CAMPUS\\File Kuliah\\Texnopex\\Website tinewati\\public\\index.php')
CRITICAL - 2024-10-10 15:22:09 --> Undefined array key 0
in APPPATH\Views\homepage.php on line 28.
 1 APPPATH\Views\homepage.php(28): CodeIgniter\Debug\Exceptions->errorHandler(2, 'Undefined array key 0', 'D:\\CAMPUS\\File Kuliah\\Texnopex\\Website tinewati\\app\\Views\\homepage.php', 28)
 2 SYSTEMPATH\View\View.php(224): include('D:\\CAMPUS\\File Kuliah\\Texnopex\\Website tinewati\\app\\Views\\homepage.php')
 3 SYSTEMPATH\View\View.php(227): CodeIgniter\View\View->CodeIgniter\View\{closure}()
 4 SYSTEMPATH\Common.php(1180): CodeIgniter\View\View->render('homepage', [], true)
 5 APPPATH\Controllers\Main.php(54): view('homepage', [...])
 6 SYSTEMPATH\CodeIgniter.php(932): App\Controllers\Main->homepage()
 7 SYSTEMPATH\CodeIgniter.php(497): CodeIgniter\CodeIgniter->runController(Object(App\Controllers\Main))
 8 SYSTEMPATH\CodeIgniter.php(366): CodeIgniter\CodeIgniter->handleRequest(null, Object(Config\Cache), false)
 9 FCPATH\index.php(67): CodeIgniter\CodeIgniter->run()
10 SYSTEMPATH\Commands\Server\rewrite.php(47): require_once('D:\\CAMPUS\\File Kuliah\\Texnopex\\Website tinewati\\public\\index.php')
CRITICAL - 2024-10-10 15:29:55 --> syntax error, unexpected token ";"
in APPPATH\Views\homepage.php on line 28.
 1 SYSTEMPATH\View\View.php(227): CodeIgniter\View\View->CodeIgniter\View\{closure}()
 2 SYSTEMPATH\Common.php(1180): CodeIgniter\View\View->render('homepage', [], true)
 3 APPPATH\Controllers\Main.php(54): view('homepage', [...])
 4 SYSTEMPATH\CodeIgniter.php(932): App\Controllers\Main->homepage()
 5 SYSTEMPATH\CodeIgniter.php(497): CodeIgniter\CodeIgniter->runController(Object(App\Controllers\Main))
 6 SYSTEMPATH\CodeIgniter.php(366): CodeIgniter\CodeIgniter->handleRequest(null, Object(Config\Cache), false)
 7 FCPATH\index.php(67): CodeIgniter\CodeIgniter->run()
 8 SYSTEMPATH\Commands\Server\rewrite.php(47): require_once('D:\\CAMPUS\\File Kuliah\\Texnopex\\Website tinewati\\public\\index.php')
CRITICAL - 2024-10-10 15:30:46 --> Undefined array key 0
in APPPATH\Views\homepage.php on line 30.
 1 APPPATH\Views\homepage.php(30): CodeIgniter\Debug\Exceptions->errorHandler(2, 'Undefined array key 0', 'D:\\CAMPUS\\File Kuliah\\Texnopex\\Website tinewati\\app\\Views\\homepage.php', 30)
 2 SYSTEMPATH\View\View.php(224): include('D:\\CAMPUS\\File Kuliah\\Texnopex\\Website tinewati\\app\\Views\\homepage.php')
 3 SYSTEMPATH\View\View.php(227): CodeIgniter\View\View->CodeIgniter\View\{closure}()
 4 SYSTEMPATH\Common.php(1180): CodeIgniter\View\View->render('homepage', [], true)
 5 APPPATH\Controllers\Main.php(54): view('homepage', [...])
 6 SYSTEMPATH\CodeIgniter.php(932): App\Controllers\Main->homepage()
 7 SYSTEMPATH\CodeIgniter.php(497): CodeIgniter\CodeIgniter->runController(Object(App\Controllers\Main))
 8 SYSTEMPATH\CodeIgniter.php(366): CodeIgniter\CodeIgniter->handleRequest(null, Object(Config\Cache), false)
 9 FCPATH\index.php(67): CodeIgniter\CodeIgniter->run()
10 SYSTEMPATH\Commands\Server\rewrite.php(47): require_once('D:\\CAMPUS\\File Kuliah\\Texnopex\\Website tinewati\\public\\index.php')
CRITICAL - 2024-10-10 15:31:53 --> Undefined array key 0
in APPPATH\Views\homepage.php on line 49.
 1 APPPATH\Views\homepage.php(49): CodeIgniter\Debug\Exceptions->errorHandler(2, 'Undefined array key 0', 'D:\\CAMPUS\\File Kuliah\\Texnopex\\Website tinewati\\app\\Views\\homepage.php', 49)
 2 SYSTEMPATH\View\View.php(224): include('D:\\CAMPUS\\File Kuliah\\Texnopex\\Website tinewati\\app\\Views\\homepage.php')
 3 SYSTEMPATH\View\View.php(227): CodeIgniter\View\View->CodeIgniter\View\{closure}()
 4 SYSTEMPATH\Common.php(1180): CodeIgniter\View\View->render('homepage', [], true)
 5 APPPATH\Controllers\Main.php(54): view('homepage', [...])
 6 SYSTEMPATH\CodeIgniter.php(932): App\Controllers\Main->homepage()
 7 SYSTEMPATH\CodeIgniter.php(497): CodeIgniter\CodeIgniter->runController(Object(App\Controllers\Main))
 8 SYSTEMPATH\CodeIgniter.php(366): CodeIgniter\CodeIgniter->handleRequest(null, Object(Config\Cache), false)
 9 FCPATH\index.php(67): CodeIgniter\CodeIgniter->run()
10 SYSTEMPATH\Commands\Server\rewrite.php(47): require_once('D:\\CAMPUS\\File Kuliah\\Texnopex\\Website tinewati\\public\\index.php')
CRITICAL - 2024-10-10 15:38:49 --> Undefined array key 0
in APPPATH\Views\structure.php on line 11.
 1 APPPATH\Views\structure.php(11): CodeIgniter\Debug\Exceptions->errorHandler(2, 'Undefined array key 0', 'D:\\CAMPUS\\File Kuliah\\Texnopex\\Website tinewati\\app\\Views\\structure.php', 11)
 2 SYSTEMPATH\View\View.php(224): include('D:\\CAMPUS\\File Kuliah\\Texnopex\\Website tinewati\\app\\Views\\structure.php')
 3 SYSTEMPATH\View\View.php(227): CodeIgniter\View\View->CodeIgniter\View\{closure}()
 4 SYSTEMPATH\Common.php(1180): CodeIgniter\View\View->render('structure', [], true)
 5 APPPATH\Controllers\Main.php(88): view('structure', [...])
 6 SYSTEMPATH\CodeIgniter.php(932): App\Controllers\Main->structure()
 7 SYSTEMPATH\CodeIgniter.php(497): CodeIgniter\CodeIgniter->runController(Object(App\Controllers\Main))
 8 SYSTEMPATH\CodeIgniter.php(366): CodeIgniter\CodeIgniter->handleRequest(null, Object(Config\Cache), false)
 9 FCPATH\index.php(67): CodeIgniter\CodeIgniter->run()
10 SYSTEMPATH\Commands\Server\rewrite.php(47): require_once('D:\\CAMPUS\\File Kuliah\\Texnopex\\Website tinewati\\public\\index.php')
CRITICAL - 2024-10-10 16:06:25 --> Undefined array key 0
in APPPATH\Views\structure.php on line 11.
 1 APPPATH\Views\structure.php(11): CodeIgniter\Debug\Exceptions->errorHandler(2, 'Undefined array key 0', 'D:\\CAMPUS\\File Kuliah\\Texnopex\\Website tinewati\\app\\Views\\structure.php', 11)
 2 SYSTEMPATH\View\View.php(224): include('D:\\CAMPUS\\File Kuliah\\Texnopex\\Website tinewati\\app\\Views\\structure.php')
 3 SYSTEMPATH\View\View.php(227): CodeIgniter\View\View->CodeIgniter\View\{closure}()
 4 SYSTEMPATH\Common.php(1180): CodeIgniter\View\View->render('structure', [], true)
 5 APPPATH\Controllers\Main.php(88): view('structure', [...])
 6 SYSTEMPATH\CodeIgniter.php(932): App\Controllers\Main->structure()
 7 SYSTEMPATH\CodeIgniter.php(497): CodeIgniter\CodeIgniter->runController(Object(App\Controllers\Main))
 8 SYSTEMPATH\CodeIgniter.php(366): CodeIgniter\CodeIgniter->handleRequest(null, Object(Config\Cache), false)
 9 FCPATH\index.php(67): CodeIgniter\CodeIgniter->run()
10 SYSTEMPATH\Commands\Server\rewrite.php(47): require_once('D:\\CAMPUS\\File Kuliah\\Texnopex\\Website tinewati\\public\\index.php')
CRITICAL - 2024-10-10 16:08:03 --> Undefined array key 0
in APPPATH\Views\structure.php on line 11.
 1 APPPATH\Views\structure.php(11): CodeIgniter\Debug\Exceptions->errorHandler(2, 'Undefined array key 0', 'D:\\CAMPUS\\File Kuliah\\Texnopex\\Website tinewati\\app\\Views\\structure.php', 11)
 2 SYSTEMPATH\View\View.php(224): include('D:\\CAMPUS\\File Kuliah\\Texnopex\\Website tinewati\\app\\Views\\structure.php')
 3 SYSTEMPATH\View\View.php(227): CodeIgniter\View\View->CodeIgniter\View\{closure}()
 4 SYSTEMPATH\Common.php(1180): CodeIgniter\View\View->render('structure', [], true)
 5 APPPATH\Controllers\Main.php(88): view('structure', [...])
 6 SYSTEMPATH\CodeIgniter.php(932): App\Controllers\Main->structure()
 7 SYSTEMPATH\CodeIgniter.php(497): CodeIgniter\CodeIgniter->runController(Object(App\Controllers\Main))
 8 SYSTEMPATH\CodeIgniter.php(366): CodeIgniter\CodeIgniter->handleRequest(null, Object(Config\Cache), false)
 9 FCPATH\index.php(67): CodeIgniter\CodeIgniter->run()
10 SYSTEMPATH\Commands\Server\rewrite.php(47): require_once('D:\\CAMPUS\\File Kuliah\\Texnopex\\Website tinewati\\public\\index.php')
CRITICAL - 2024-10-10 16:08:21 --> Undefined array key 0
in APPPATH\Views\structure.php on line 11.
 1 APPPATH\Views\structure.php(11): CodeIgniter\Debug\Exceptions->errorHandler(2, 'Undefined array key 0', 'D:\\CAMPUS\\File Kuliah\\Texnopex\\Website tinewati\\app\\Views\\structure.php', 11)
 2 SYSTEMPATH\View\View.php(224): include('D:\\CAMPUS\\File Kuliah\\Texnopex\\Website tinewati\\app\\Views\\structure.php')
 3 SYSTEMPATH\View\View.php(227): CodeIgniter\View\View->CodeIgniter\View\{closure}()
 4 SYSTEMPATH\Common.php(1180): CodeIgniter\View\View->render('structure', [], true)
 5 APPPATH\Controllers\Main.php(88): view('structure', [...])
 6 SYSTEMPATH\CodeIgniter.php(932): App\Controllers\Main->structure()
 7 SYSTEMPATH\CodeIgniter.php(497): CodeIgniter\CodeIgniter->runController(Object(App\Controllers\Main))
 8 SYSTEMPATH\CodeIgniter.php(366): CodeIgniter\CodeIgniter->handleRequest(null, Object(Config\Cache), false)
 9 FCPATH\index.php(67): CodeIgniter\CodeIgniter->run()
10 SYSTEMPATH\Commands\Server\rewrite.php(47): require_once('D:\\CAMPUS\\File Kuliah\\Texnopex\\Website tinewati\\public\\index.php')
CRITICAL - 2024-10-10 16:14:22 --> Undefined array key 0
in APPPATH\Views\structure.php on line 31.
 1 APPPATH\Views\structure.php(31): CodeIgniter\Debug\Exceptions->errorHandler(2, 'Undefined array key 0', 'D:\\CAMPUS\\File Kuliah\\Texnopex\\Website tinewati\\app\\Views\\structure.php', 31)
 2 SYSTEMPATH\View\View.php(224): include('D:\\CAMPUS\\File Kuliah\\Texnopex\\Website tinewati\\app\\Views\\structure.php')
 3 SYSTEMPATH\View\View.php(227): CodeIgniter\View\View->CodeIgniter\View\{closure}()
 4 SYSTEMPATH\Common.php(1180): CodeIgniter\View\View->render('structure', [], true)
 5 APPPATH\Controllers\Main.php(88): view('structure', [...])
 6 SYSTEMPATH\CodeIgniter.php(932): App\Controllers\Main->structure()
 7 SYSTEMPATH\CodeIgniter.php(497): CodeIgniter\CodeIgniter->runController(Object(App\Controllers\Main))
 8 SYSTEMPATH\CodeIgniter.php(366): CodeIgniter\CodeIgniter->handleRequest(null, Object(Config\Cache), false)
 9 FCPATH\index.php(67): CodeIgniter\CodeIgniter->run()
10 SYSTEMPATH\Commands\Server\rewrite.php(47): require_once('D:\\CAMPUS\\File Kuliah\\Texnopex\\Website tinewati\\public\\index.php')
CRITICAL - 2024-10-10 16:16:28 --> Undefined array key 0
in APPPATH\Views\structure.php on line 130.
 1 APPPATH\Views\structure.php(130): CodeIgniter\Debug\Exceptions->errorHandler(2, 'Undefined array key 0', 'D:\\CAMPUS\\File Kuliah\\Texnopex\\Website tinewati\\app\\Views\\structure.php', 130)
 2 SYSTEMPATH\View\View.php(224): include('D:\\CAMPUS\\File Kuliah\\Texnopex\\Website tinewati\\app\\Views\\structure.php')
 3 SYSTEMPATH\View\View.php(227): CodeIgniter\View\View->CodeIgniter\View\{closure}()
 4 SYSTEMPATH\Common.php(1180): CodeIgniter\View\View->render('structure', [], true)
 5 APPPATH\Controllers\Main.php(88): view('structure', [...])
 6 SYSTEMPATH\CodeIgniter.php(932): App\Controllers\Main->structure()
 7 SYSTEMPATH\CodeIgniter.php(497): CodeIgniter\CodeIgniter->runController(Object(App\Controllers\Main))
 8 SYSTEMPATH\CodeIgniter.php(366): CodeIgniter\CodeIgniter->handleRequest(null, Object(Config\Cache), false)
 9 FCPATH\index.php(67): CodeIgniter\CodeIgniter->run()
10 SYSTEMPATH\Commands\Server\rewrite.php(47): require_once('D:\\CAMPUS\\File Kuliah\\Texnopex\\Website tinewati\\public\\index.php')
