CRITICAL - 2023-07-11 01:48:32 --> Undefined property: App\Controllers\Main::$facility_data
in APPPATH/Controllers/Main.php on line 66.
 1 APPPATH/Controllers/Main.php(66): CodeIgniter\Debug\Exceptions->errorHandler(8, 'Undefined property: App\\Controllers\\Main::$facility_data', '/home/vol1000_8/infinityfree.com/if0_34583510/htdocs/app/Controllers/Main.php', 66, [])
 2 SYSTEMPATH/CodeIgniter.php(932): App\Controllers\Main->facility()
 3 SYSTEMPATH/CodeIgniter.php(497): CodeIgniter\CodeIgniter->runController(Object(App\Controllers\Main))
 4 SYSTEMPATH/CodeIgniter.php(366): CodeIgniter\CodeIgniter->handleRequest(null, Object(Config\Cache), false)
 5 FCPATH/index.php(67): CodeIgniter\CodeIgniter->run()
CRITICAL - 2023-07-11 01:50:40 --> Undefined property: App\Controllers\Main::$facility_data
in APPPATH/Controllers/Main.php on line 66.
 1 APPPATH/Controllers/Main.php(66): CodeIgniter\Debug\Exceptions->errorHandler(8, 'Undefined property: App\\Controllers\\Main::$facility_data', '/home/vol1000_8/infinityfree.com/if0_34583510/htdocs/app/Controllers/Main.php', 66, [])
 2 SYSTEMPATH/CodeIgniter.php(932): App\Controllers\Main->facility()
 3 SYSTEMPATH/CodeIgniter.php(497): CodeIgniter\CodeIgniter->runController(Object(App\Controllers\Main))
 4 SYSTEMPATH/CodeIgniter.php(366): CodeIgniter\CodeIgniter->handleRequest(null, Object(Config\Cache), false)
 5 FCPATH/index.php(67): CodeIgniter\CodeIgniter->run()
CRITICAL - 2023-07-11 02:02:43 --> Undefined variable: data_fasilitas
in APPPATH/Views/facility.php on line 6.
 1 APPPATH/Views/facility.php(6): CodeIgniter\Debug\Exceptions->errorHandler(8, 'Undefined variable: data_fasilitas', '/home/vol1000_8/infinityfree.com/if0_34583510/htdocs/app/Views/facility.php', 6, [...])
 2 SYSTEMPATH/View/View.php(224): include('/home/vol1000_8/infinityfree.com/if0_34583510/htdocs/app/Views/facility.php')
 3 SYSTEMPATH/View/View.php(227): CodeIgniter\View\View->CodeIgniter\View\{closure}()
 4 SYSTEMPATH/Common.php(1180): CodeIgniter\View\View->render('facility', [], true)
 5 APPPATH/Controllers/Main.php(67): view('facility', [...])
 6 SYSTEMPATH/CodeIgniter.php(932): App\Controllers\Main->facility()
 7 SYSTEMPATH/CodeIgniter.php(497): CodeIgniter\CodeIgniter->runController(Object(App\Controllers\Main))
 8 SYSTEMPATH/CodeIgniter.php(366): CodeIgniter\CodeIgniter->handleRequest(null, Object(Config\Cache), false)
 9 FCPATH/index.php(67): CodeIgniter\CodeIgniter->run()
CRITICAL - 2023-07-11 02:06:05 --> Undefined variable: data_fasilitas
in APPPATH/Views/layout/Master.php on line 34.
 1 APPPATH/Views/layout/Master.php(34): CodeIgniter\Debug\Exceptions->errorHandler(8, 'Undefined variable: data_fasilitas', '/home/vol1000_8/infinityfree.com/if0_34583510/htdocs/app/Views/layout/Master.php', 34, [...])
 2 SYSTEMPATH/View/View.php(224): include('/home/vol1000_8/infinityfree.com/if0_34583510/htdocs/app/Views/layout/Master.php')
 3 SYSTEMPATH/View/View.php(227): CodeIgniter\View\View->CodeIgniter\View\{closure}()
 4 SYSTEMPATH/View/View.php(240): CodeIgniter\View\View->render('layout/Master', [], true)
 5 SYSTEMPATH/Common.php(1180): CodeIgniter\View\View->render('facility', [], true)
 6 APPPATH/Controllers/Main.php(67): view('facility', [...])
 7 SYSTEMPATH/CodeIgniter.php(932): App\Controllers\Main->facility()
 8 SYSTEMPATH/CodeIgniter.php(497): CodeIgniter\CodeIgniter->runController(Object(App\Controllers\Main))
 9 SYSTEMPATH/CodeIgniter.php(366): CodeIgniter\CodeIgniter->handleRequest(null, Object(Config\Cache), false)
10 FCPATH/index.php(67): CodeIgniter\CodeIgniter->run()
