ERROR - 2023-07-13 12:01:26 --> Error connecting to the database: mysqli_sql_exception: User if0_34583510 already has more than 'max_user_connections' active connections in /home/vol2_4/infinityfree.com/if0_34589920/htdocs/system/Database/MySQLi/Connection.php:174
Stack trace:
#0 /home/vol2_4/infinityfree.com/if0_34589920/htdocs/system/Database/MySQLi/Connection.php(174): mysqli->real_connect('sql108.infinity...', 'if0_34583510', '7KhRqSp2U3cq', 'if0_34583510_ti...', 3306, '', 0)
#1 /home/vol2_4/infinityfree.com/if0_34589920/htdocs/system/Database/BaseConnection.php(391): CodeIgniter\Database\MySQLi\Connection->connect(false)
#2 /home/vol2_4/infinityfree.com/if0_34589920/htdocs/system/Database/BaseConnection.php(574): CodeIgniter\Database\BaseConnection->initialize()
#3 /home/vol2_4/infinityfree.com/if0_34589920/htdocs/system/Database/BaseBuilder.php(1616): CodeIgniter\Database\BaseConnection->query('SELECT *\nFROM `...', Array, false)
#4 /home/vol2_4/infinityfree.com/if0_34589920/htdocs/system/Model.php(268): CodeIgniter\Database\BaseBuilder->get()
#5 /home/vol2_4/infinityfree.com/if0_34589920/htdocs/system/BaseModel.php(656): CodeIgniter\Model->doFirst()
#6 /home/vol2_4/infinityfree.com/if0_34589920/htdocs/app/Controllers/Main.php(43): CodeIgniter\BaseModel->first()
#7 /home/vol2_4/infinityfree.com/if0_34589920/htdocs/system/CodeIgniter.php(932): App\Controllers\Main->structure()
#8 /home/vol2_4/infinityfree.com/if0_34589920/htdocs/system/CodeIgniter.php(497): CodeIgniter\CodeIgniter->runController(Object(App\Controllers\Main))
#9 /home/vol2_4/infinityfree.com/if0_34589920/htdocs/system/CodeIgniter.php(366): CodeIgniter\CodeIgniter->handleRequest(NULL, Object(Config\Cache), false)
#10 /home/vol2_4/infinityfree.com/if0_34589920/htdocs/index.php(67): CodeIgniter\CodeIgniter->run()
#11 {main}

Next CodeIgniter\Database\Exceptions\DatabaseException: User **** already has more than 'max_user_connections' active connections in /home/vol2_4/infinityfree.com/if0_34589920/htdocs/system/Database/MySQLi/Connection.php:218
Stack trace:
#0 /home/vol2_4/infinityfree.com/if0_34589920/htdocs/system/Database/BaseConnection.php(391): CodeIgniter\Database\MySQLi\Connection->connect(false)
#1 /home/vol2_4/infinityfree.com/if0_34589920/htdocs/system/Database/BaseConnection.php(574): CodeIgniter\Database\BaseConnection->initialize()
#2 /home/vol2_4/infinityfree.com/if0_34589920/htdocs/system/Database/BaseBuilder.php(1616): CodeIgniter\Database\BaseConnection->query('SELECT *\nFROM `...', Array, false)
#3 /home/vol2_4/infinityfree.com/if0_34589920/htdocs/system/Model.php(268): CodeIgniter\Database\BaseBuilder->get()
#4 /home/vol2_4/infinityfree.com/if0_34589920/htdocs/system/BaseModel.php(656): CodeIgniter\Model->doFirst()
#5 /home/vol2_4/infinityfree.com/if0_34589920/htdocs/app/Controllers/Main.php(43): CodeIgniter\BaseModel->first()
#6 /home/vol2_4/infinityfree.com/if0_34589920/htdocs/system/CodeIgniter.php(932): App\Controllers\Main->structure()
#7 /home/vol2_4/infinityfree.com/if0_34589920/htdocs/system/CodeIgniter.php(497): CodeIgniter\CodeIgniter->runController(Object(App\Controllers\Main))
#8 /home/vol2_4/infinityfree.com/if0_34589920/htdocs/system/CodeIgniter.php(366): CodeIgniter\CodeIgniter->handleRequest(NULL, Object(Config\Cache), false)
#9 /home/vol2_4/infinityfree.com/if0_34589920/htdocs/index.php(67): CodeIgniter\CodeIgniter->run()
#10 {main}
CRITICAL - 2023-07-13 12:01:26 --> Unable to connect to the database.
Main connection [MySQLi]: User **** already has more than 'max_user_connections' active connections
in SYSTEMPATH/Database/BaseConnection.php on line 427.
 1 SYSTEMPATH/Database/BaseConnection.php(574): CodeIgniter\Database\BaseConnection->initialize()
 2 SYSTEMPATH/Database/BaseBuilder.php(1616): CodeIgniter\Database\BaseConnection->query('SELECT *
FROM `struktur`
WHERE `posisi` = :posisi:
 LIMIT 1', [...], false)
 3 SYSTEMPATH/Model.php(268): CodeIgniter\Database\BaseBuilder->get()
 4 SYSTEMPATH/BaseModel.php(656): CodeIgniter\Model->doFirst()
 5 APPPATH/Controllers/Main.php(43): CodeIgniter\BaseModel->first()
 6 SYSTEMPATH/CodeIgniter.php(932): App\Controllers\Main->structure()
 7 SYSTEMPATH/CodeIgniter.php(497): CodeIgniter\CodeIgniter->runController(Object(App\Controllers\Main))
 8 SYSTEMPATH/CodeIgniter.php(366): CodeIgniter\CodeIgniter->handleRequest(null, Object(Config\Cache), false)
 9 FCPATH/index.php(67): CodeIgniter\CodeIgniter->run()
