ERROR - 2024-10-13 00:36:14 --> Error connecting to the database: mysqli_sql_exception: No connection could be made because the target machine actively refused it in D:\CAMPUS\File Kuliah\Texnopex\Website tinewati - Copy\system\Database\MySQLi\Connection.php:173
Stack trace:
#0 D:\CAMPUS\File Kuliah\Texnopex\Website tinewati - Copy\system\Database\MySQLi\Connection.php(173): mysqli->real_connect('localhost', 'root', Object(SensitiveParameterValue), 'tinewati', 3306, '', 0)
#1 D:\CAMPUS\File Kuliah\Texnopex\Website tinewati - Copy\system\Database\BaseConnection.php(391): CodeIgniter\Database\MySQLi\Connection->connect(false)
#2 D:\CAMPUS\File Kuliah\Texnopex\Website tinewati - Copy\system\Database\BaseConnection.php(574): CodeIgniter\Database\BaseConnection->initialize()
#3 D:\CAMPUS\File Kuliah\Texnopex\Website tinewati - Copy\system\Database\BaseBuilder.php(1616): CodeIgniter\Database\BaseConnection->query('SELECT *\nFROM `...', Array, false)
#4 D:\CAMPUS\File Kuliah\Texnopex\Website tinewati - Copy\system\Model.php(241): CodeIgniter\Database\BaseBuilder->get()
#5 D:\CAMPUS\File Kuliah\Texnopex\Website tinewati - Copy\system\BaseModel.php(618): CodeIgniter\Model->doFindAll(0, 0)
#6 D:\CAMPUS\File Kuliah\Texnopex\Website tinewati - Copy\app\Controllers\Main.php(37): CodeIgniter\BaseModel->findAll()
#7 D:\CAMPUS\File Kuliah\Texnopex\Website tinewati - Copy\system\CodeIgniter.php(932): App\Controllers\Main->homepage()
#8 D:\CAMPUS\File Kuliah\Texnopex\Website tinewati - Copy\system\CodeIgniter.php(497): CodeIgniter\CodeIgniter->runController(Object(App\Controllers\Main))
#9 D:\CAMPUS\File Kuliah\Texnopex\Website tinewati - Copy\system\CodeIgniter.php(366): CodeIgniter\CodeIgniter->handleRequest(NULL, Object(Config\Cache), false)
#10 D:\CAMPUS\File Kuliah\Texnopex\Website tinewati - Copy\public\index.php(67): CodeIgniter\CodeIgniter->run()
#11 D:\CAMPUS\File Kuliah\Texnopex\Website tinewati - Copy\system\Commands\Server\rewrite.php(47): require_once('D:\\CAMPUS\\File ...')
#12 {main}

Next CodeIgniter\Database\Exceptions\DatabaseException: No connection could be made because the target machine actively refused it in D:\CAMPUS\File Kuliah\Texnopex\Website tinewati - Copy\system\Database\MySQLi\Connection.php:218
Stack trace:
#0 D:\CAMPUS\File Kuliah\Texnopex\Website tinewati - Copy\system\Database\BaseConnection.php(391): CodeIgniter\Database\MySQLi\Connection->connect(false)
#1 D:\CAMPUS\File Kuliah\Texnopex\Website tinewati - Copy\system\Database\BaseConnection.php(574): CodeIgniter\Database\BaseConnection->initialize()
#2 D:\CAMPUS\File Kuliah\Texnopex\Website tinewati - Copy\system\Database\BaseBuilder.php(1616): CodeIgniter\Database\BaseConnection->query('SELECT *\nFROM `...', Array, false)
#3 D:\CAMPUS\File Kuliah\Texnopex\Website tinewati - Copy\system\Model.php(241): CodeIgniter\Database\BaseBuilder->get()
#4 D:\CAMPUS\File Kuliah\Texnopex\Website tinewati - Copy\system\BaseModel.php(618): CodeIgniter\Model->doFindAll(0, 0)
#5 D:\CAMPUS\File Kuliah\Texnopex\Website tinewati - Copy\app\Controllers\Main.php(37): CodeIgniter\BaseModel->findAll()
#6 D:\CAMPUS\File Kuliah\Texnopex\Website tinewati - Copy\system\CodeIgniter.php(932): App\Controllers\Main->homepage()
#7 D:\CAMPUS\File Kuliah\Texnopex\Website tinewati - Copy\system\CodeIgniter.php(497): CodeIgniter\CodeIgniter->runController(Object(App\Controllers\Main))
#8 D:\CAMPUS\File Kuliah\Texnopex\Website tinewati - Copy\system\CodeIgniter.php(366): CodeIgniter\CodeIgniter->handleRequest(NULL, Object(Config\Cache), false)
#9 D:\CAMPUS\File Kuliah\Texnopex\Website tinewati - Copy\public\index.php(67): CodeIgniter\CodeIgniter->run()
#10 D:\CAMPUS\File Kuliah\Texnopex\Website tinewati - Copy\system\Commands\Server\rewrite.php(47): require_once('D:\\CAMPUS\\File ...')
#11 {main}
CRITICAL - 2024-10-13 00:36:14 --> Unable to connect to the database.
Main connection [MySQLi]: No connection could be made because the target machine actively refused it
in SYSTEMPATH\Database\BaseConnection.php on line 427.
 1 SYSTEMPATH\Database\BaseConnection.php(574): CodeIgniter\Database\BaseConnection->initialize()
 2 SYSTEMPATH\Database\BaseBuilder.php(1616): CodeIgniter\Database\BaseConnection->query('SELECT *
FROM `struktur`', [], false)
 3 SYSTEMPATH\Model.php(241): CodeIgniter\Database\BaseBuilder->get()
 4 SYSTEMPATH\BaseModel.php(618): CodeIgniter\Model->doFindAll(0, 0)
 5 APPPATH\Controllers\Main.php(37): CodeIgniter\BaseModel->findAll()
 6 SYSTEMPATH\CodeIgniter.php(932): App\Controllers\Main->homepage()
 7 SYSTEMPATH\CodeIgniter.php(497): CodeIgniter\CodeIgniter->runController(Object(App\Controllers\Main))
 8 SYSTEMPATH\CodeIgniter.php(366): CodeIgniter\CodeIgniter->handleRequest(null, Object(Config\Cache), false)
 9 FCPATH\index.php(67): CodeIgniter\CodeIgniter->run()
10 SYSTEMPATH\Commands\Server\rewrite.php(47): require_once('D:\\CAMPUS\\File Kuliah\\Texnopex\\Website tinewati - Copy\\public\\index.php')
CRITICAL - 2024-10-13 01:15:43 --> Undefined array key 0
in APPPATH\Views\structure.php on line 11.
 1 APPPATH\Views\structure.php(11): CodeIgniter\Debug\Exceptions->errorHandler(2, 'Undefined array key 0', 'D:\\CAMPUS\\File Kuliah\\Texnopex\\Website tinewati - Copy\\app\\Views\\structure.php', 11)
 2 SYSTEMPATH\View\View.php(224): include('D:\\CAMPUS\\File Kuliah\\Texnopex\\Website tinewati - Copy\\app\\Views\\structure.php')
 3 SYSTEMPATH\View\View.php(227): CodeIgniter\View\View->CodeIgniter\View\{closure}()
 4 SYSTEMPATH\Common.php(1180): CodeIgniter\View\View->render('structure', [], true)
 5 APPPATH\Controllers\Main.php(88): view('structure', [...])
 6 SYSTEMPATH\CodeIgniter.php(932): App\Controllers\Main->structure()
 7 SYSTEMPATH\CodeIgniter.php(497): CodeIgniter\CodeIgniter->runController(Object(App\Controllers\Main))
 8 SYSTEMPATH\CodeIgniter.php(366): CodeIgniter\CodeIgniter->handleRequest(null, Object(Config\Cache), false)
 9 FCPATH\index.php(67): CodeIgniter\CodeIgniter->run()
10 SYSTEMPATH\Commands\Server\rewrite.php(47): require_once('D:\\CAMPUS\\File Kuliah\\Texnopex\\Website tinewati - Copy\\public\\index.php')
CRITICAL - 2024-10-13 01:18:33 --> Undefined array key 0
in APPPATH\Views\structure.php on line 11.
 1 APPPATH\Views\structure.php(11): CodeIgniter\Debug\Exceptions->errorHandler(2, 'Undefined array key 0', 'D:\\CAMPUS\\File Kuliah\\Texnopex\\Website tinewati - Copy\\app\\Views\\structure.php', 11)
 2 SYSTEMPATH\View\View.php(224): include('D:\\CAMPUS\\File Kuliah\\Texnopex\\Website tinewati - Copy\\app\\Views\\structure.php')
 3 SYSTEMPATH\View\View.php(227): CodeIgniter\View\View->CodeIgniter\View\{closure}()
 4 SYSTEMPATH\Common.php(1180): CodeIgniter\View\View->render('structure', [], true)
 5 APPPATH\Controllers\Main.php(88): view('structure', [...])
 6 SYSTEMPATH\CodeIgniter.php(932): App\Controllers\Main->structure()
 7 SYSTEMPATH\CodeIgniter.php(497): CodeIgniter\CodeIgniter->runController(Object(App\Controllers\Main))
 8 SYSTEMPATH\CodeIgniter.php(366): CodeIgniter\CodeIgniter->handleRequest(null, Object(Config\Cache), false)
 9 FCPATH\index.php(67): CodeIgniter\CodeIgniter->run()
10 SYSTEMPATH\Commands\Server\rewrite.php(47): require_once('D:\\CAMPUS\\File Kuliah\\Texnopex\\Website tinewati - Copy\\public\\index.php')
CRITICAL - 2024-10-13 01:18:55 --> Undefined array key 0
in APPPATH\Views\structure.php on line 11.
 1 APPPATH\Views\structure.php(11): CodeIgniter\Debug\Exceptions->errorHandler(2, 'Undefined array key 0', 'D:\\CAMPUS\\File Kuliah\\Texnopex\\Website tinewati - Copy\\app\\Views\\structure.php', 11)
 2 SYSTEMPATH\View\View.php(224): include('D:\\CAMPUS\\File Kuliah\\Texnopex\\Website tinewati - Copy\\app\\Views\\structure.php')
 3 SYSTEMPATH\View\View.php(227): CodeIgniter\View\View->CodeIgniter\View\{closure}()
 4 SYSTEMPATH\Common.php(1180): CodeIgniter\View\View->render('structure', [], true)
 5 APPPATH\Controllers\Main.php(88): view('structure', [...])
 6 SYSTEMPATH\CodeIgniter.php(932): App\Controllers\Main->structure()
 7 SYSTEMPATH\CodeIgniter.php(497): CodeIgniter\CodeIgniter->runController(Object(App\Controllers\Main))
 8 SYSTEMPATH\CodeIgniter.php(366): CodeIgniter\CodeIgniter->handleRequest(null, Object(Config\Cache), false)
 9 FCPATH\index.php(67): CodeIgniter\CodeIgniter->run()
10 SYSTEMPATH\Commands\Server\rewrite.php(47): require_once('D:\\CAMPUS\\File Kuliah\\Texnopex\\Website tinewati - Copy\\public\\index.php')
CRITICAL - 2024-10-13 01:21:43 --> Undefined array key 0
in APPPATH\Views\structure.php on line 32.
 1 APPPATH\Views\structure.php(32): CodeIgniter\Debug\Exceptions->errorHandler(2, 'Undefined array key 0', 'D:\\CAMPUS\\File Kuliah\\Texnopex\\Website tinewati - Copy\\app\\Views\\structure.php', 32)
 2 SYSTEMPATH\View\View.php(224): include('D:\\CAMPUS\\File Kuliah\\Texnopex\\Website tinewati - Copy\\app\\Views\\structure.php')
 3 SYSTEMPATH\View\View.php(227): CodeIgniter\View\View->CodeIgniter\View\{closure}()
 4 SYSTEMPATH\Common.php(1180): CodeIgniter\View\View->render('structure', [], true)
 5 APPPATH\Controllers\Main.php(88): view('structure', [...])
 6 SYSTEMPATH\CodeIgniter.php(932): App\Controllers\Main->structure()
 7 SYSTEMPATH\CodeIgniter.php(497): CodeIgniter\CodeIgniter->runController(Object(App\Controllers\Main))
 8 SYSTEMPATH\CodeIgniter.php(366): CodeIgniter\CodeIgniter->handleRequest(null, Object(Config\Cache), false)
 9 FCPATH\index.php(67): CodeIgniter\CodeIgniter->run()
10 SYSTEMPATH\Commands\Server\rewrite.php(47): require_once('D:\\CAMPUS\\File Kuliah\\Texnopex\\Website tinewati - Copy\\public\\index.php')
